#
# A fatal error has been detected by the Java Runtime Environment:
#
#  SIGSEGV (0xb) at pc=0x000000010b5638de, pid=28657, tid=1811
#
# JRE version: Java(TM) SE Runtime Environment (8.0_20-b26) (build 1.8.0_20-b26)
# Java VM: Java HotSpot(TM) 64-Bit Server VM (25.20-b23 mixed mode bsd-amd64 compressed oops)
# Problematic frame:
# V  [libjvm.dylib+0x1638de]
#
# Failed to write core dump. Core dumps have been disabled. To enable core dumping, try "ulimit -c unlimited" before starting Java again
#
# If you would like to submit a bug report, please visit:
#   http://bugreport.sun.com/bugreport/crash.jsp
#

---------------  T H R E A D  ---------------

Current thread is native thread

siginfo: si_signo: 11 (SIGSEGV), si_code: 1 (SEGV_MAPERR), si_addr: 0x0000000000000260

Registers:
RAX=0x0000000000000000, RBX=0x0000000000000000, RCX=0x000000010b6f9206, RDX=0x00007fa5e30d89e8
RSP=0x00007fff551790a0, RBP=0x00007fff551790b0, RSI=0x0000000000000006, RDI=0x00007fff551790f0
R8 =0x0000000000000320, R9 =0x0000000000000000, R10=0x00007fa5e71f80c0, R11=0x000000011ff41ea0
R12=0x00007fa5e30d89e8, R13=0x00007fa5e2576a40, R14=0x00007fa5e30d89e8, R15=0x0000000000000000
RIP=0x000000010b5638de, EFLAGS=0x0000000000010246, ERR=0x0000000000000006
  TRAPNO=0x000000000000000e

Top of Stack: (sp=0x00007fff551790a0)
0x00007fff551790a0:   00007fa5e71b35f8 00007fa5e30d89e8
0x00007fff551790b0:   00007fff55179110 000000010b6f9236
0x00007fff551790c0:   00007fff78240070 0000000000000000
0x00007fff551790d0:   00007fa5e44b1200 00007fa5e725ad20
0x00007fff551790e0:   00007fff55179110 00000001235e3769
0x00007fff551790f0:   0000000000000000 00007fa5e24502d0
0x00007fff55179100:   00007fa5e44b1200 00007fa5e725ad20
0x00007fff55179110:   00007fff55179170 000000012b78e0da
0x00007fff55179120:   00007fff78240070 0000000000000000
0x00007fff55179130:   410dc9a9a39396dd 0000000000000004
0x00007fff55179140:   00007fff55179170 00007fff94e400c0
0x00007fff55179150:   0000000000000000 00007fa5e2576a40
0x00007fff55179160:   00007fa5e725ad20 0000000000000004
0x00007fff55179170:   00007fff551791e0 00007fff8a38460f
0x00007fff55179180:   00007fff551791c0 0000000122543dc0
0x00007fff55179190:   0000000000000000 00007fa5e44b1200
0x00007fff551791a0:   00007fa5e725ad20 0000000000000000
0x00007fff551791b0:   410dc9a9a39396dd 00007fa5e725ad20
0x00007fff551791c0:   00007fff94e400c0 0000000000000018
0x00007fff551791d0:   0000000000000004 0000000000000000
0x00007fff551791e0:   00007fff55179260 00007fff8a3841d9
0x00007fff551791f0:   00007fff55179220 3ff0000000000000
0x00007fff55179200:   4089000000000000 4088500000000000
0x00007fff55179210:   0000000000000000 0000000000000000
0x00007fff55179220:   4089000000000000 4088500000000000
0x00007fff55179230:   00000001238661c0 00007fff55179340
0x00007fff55179240:   0000000123866868 00007fff891be119
0x00007fff55179250:   0000000000000001 00000001238667c0
0x00007fff55179260:   00007fff5517a340 00007fff8a337641
0x00007fff55179270:   00007fff5517a340 00007fff8a337503
0x00007fff55179280:   00007fff5517a340 00007fff8a336f9a
0x00007fff55179290:   0000000123866868 0000000123866868 

Instructions: (pc=0x000000010b5638de)
0x000000010b5638be:   0e 48 8b 0b 49 8b 56 18 48 63 c0 48 89 0c c2 5b
0x000000010b5638ce:   41 5e 5d c3 90 90 55 48 89 e5 41 56 53 48 8b 1f
0x000000010b5638de:   c7 83 60 02 00 00 05 00 00 00 48 8d 05 e9 7f 73
0x000000010b5638ee:   00 8b 00 83 f8 01 41 89 f6 7f 0c 48 8d 0d 06 fc 

Register to memory mapping:

RAX=0x0000000000000000 is an unknown value
RBX=0x0000000000000000 is an unknown value
RCX=0x000000010b6f9206: jni_NewLocalRef+0 in /Library/Java/JavaVirtualMachines/jdk1.8.0_20.jdk/Contents/Home/jre/lib/server/libjvm.dylib at 0x000000010b400000
RDX=0x00007fa5e30d89e8 is an unknown value
RSP=0x00007fff551790a0 is an unknown value
RBP=0x00007fff551790b0 is an unknown value
RSI=0x0000000000000006 is an unknown value
RDI=0x00007fff551790f0 is an unknown value
R8 =0x0000000000000320 is an unknown value
R9 =0x0000000000000000 is an unknown value
R10=0x00007fa5e71f80c0 is an unknown value
R11=0x000000011ff41ea0: OBJC_CLASS_$_JNFJObjectWrapper+0 in /System/Library/Frameworks/JavaVM.framework/Versions/A/Frameworks/JavaNativeFoundation.framework/Versions/A/JavaNativeFoundation at 0x000000011ff37000
R12=0x00007fa5e30d89e8 is an unknown value
R13=0x00007fa5e2576a40 is an unknown value
R14=0x00007fa5e30d89e8 is an unknown value
R15=0x0000000000000000 is an unknown value


Stack: [0x00007fff5497d000,0x00007fff5517d000],  sp=0x00007fff551790a0,  free space=8176k
Native frames: (J=compiled Java code, j=interpreted, Vv=VM code, C=native code)
V  [libjvm.dylib+0x1638de]
V  [libjvm.dylib+0x2f9236]
C  [libawt_lwawt.dylib+0x1a0da]  -[CGLLayer drawInCGLContext:pixelFormat:forLayerTime:displayTime:]+0xee
C  [QuartzCore+0x6160f]  _ZL17CAOpenGLLayerDrawP13CAOpenGLLayerdPK11CVTimeStampj+0x2b6
C  [QuartzCore+0x611d9]  -[CAOpenGLLayer _display]+0x183
C  [QuartzCore+0x14641]  _ZN2CA5Layer17display_if_neededEPNS_11TransactionE+0x25b
C  [QuartzCore+0x13d7d]  _ZN2CA5Layer28layout_and_display_if_neededEPNS_11TransactionE+0x23
C  [QuartzCore+0x1350e]  _ZN2CA7Context18commit_transactionEPNS_11TransactionE+0xf2
C  [QuartzCore+0x13164]  _ZN2CA11Transaction6commitEv+0x186
C  [QuartzCore+0x23f55]  _ZN2CA11Transaction17observer_callbackEP19__CFRunLoopObservermPv+0x47
C  [CoreFoundation+0x7fd87]  __CFRUNLOOP_IS_CALLING_OUT_TO_AN_OBSERVER_CALLBACK_FUNCTION__+0x17
C  [CoreFoundation+0x7fce0]  __CFRunLoopDoObservers+0x170
C  [CoreFoundation+0x71f1a]  __CFRunLoopRun+0x49a
C  [CoreFoundation+0x71838]  CFRunLoopRunSpecific+0x128
C  [java+0x56cc]  CreateExecutionEnvironment+0x367
C  [java+0x165c]  JLI_Launch+0x7a0
C  [java+0x768a]  main+0x65
C  [java+0xeb4]  start+0x34


---------------  P R O C E S S  ---------------

VM state:not at safepoint (normal execution)

VM Mutex/Monitor currently owned by a thread: None

Heap:
 PSYoungGen      total 93696K, used 17313K [0x00000007aab00000, 0x00000007b2480000, 0x00000007c0000000)
  eden space 80384K, 14% used [0x00000007aab00000,0x00000007ab6a2868,0x00000007af980000)
  from space 13312K, 40% used [0x00000007af980000,0x00000007afec5c20,0x00000007b0680000)
  to   space 12800K, 0% used [0x00000007b1800000,0x00000007b1800000,0x00000007b2480000)
 ParOldGen       total 61440K, used 22019K [0x0000000780000000, 0x0000000783c00000, 0x00000007aab00000)
  object space 61440K, 35% used [0x0000000780000000,0x0000000781580f28,0x0000000783c00000)
 Metaspace       used 37161K, capacity 38500K, committed 38696K, reserved 1083392K
  class space    used 5041K, capacity 5295K, committed 5416K, reserved 1048576K

Card table byte_map: [0x000000011b812000,0x000000011ba13000] byte_map_base: 0x0000000117c12000

Marking Bits: (ParMarkBitMap*) 0x000000010bc9c330
 Begin Bits: [0x000000011bf75000, 0x000000011cf75000)
 End Bits:   [0x000000011cf75000, 0x000000011df75000)

Polling page: 0x000000010abd8000

CodeCache: size=245760Kb used=18368Kb max_used=18804Kb free=227391Kb
 bounds [0x000000010c452000, 0x000000010d6d2000, 0x000000011b452000]
 total_blobs=6654 nmethods=5709 adapters=856
 compilation: enabled

Compilation events (10 events):
Event: 220.504 Thread 0x00007fa5e383d800 nmethod 6438 0x000000010d0385d0 code [0x000000010d038780, 0x000000010d038e58]
Event: 222.006 Thread 0x00007fa5e3814800 6441       3       javafx.scene.Node::getContentBias (2 bytes)
Event: 222.006 Thread 0x00007fa5e3814800 nmethod 6441 0x000000010cb9da90 code [0x000000010cb9dc00, 0x000000010cb9dd50]
Event: 222.009 Thread 0x00007fa5e3814800 6443       3       javafx.scene.layout.Region::computeChildMinAreaHeight (233 bytes)
Event: 222.012 Thread 0x00007fa5e3814800 nmethod 6443 0x000000010c55de10 code [0x000000010c55e260, 0x000000010c5600a8]
Event: 222.012 Thread 0x00007fa5e3814800 6442       3       com.sun.javafx.scene.control.skin.SplitPaneSkin$Content::getAvailable (5 bytes)
Event: 222.013 Thread 0x00007fa5e3814800 nmethod 6442 0x000000010cc280d0 code [0x000000010cc28220, 0x000000010cc28370]
Event: 223.472 Thread 0x00007fa5e3814800 6444       3       java.lang.invoke.MethodHandles$Lookup::findStatic (27 bytes)
Event: 223.473 Thread 0x00007fa5e3814800 nmethod 6444 0x000000010c55cc10 code [0x000000010c55cda0, 0x000000010c55d148]
Event: 223.520 Thread 0x00007fa5e3813800 6445       4       java.util.HashMap::putVal (300 bytes)

GC Heap History (10 events):
Event: 17.410 GC heap before
{Heap before GC invocations=7 (full 1):
 PSYoungGen      total 35328K, used 32768K [0x00000007aab00000, 0x00000007afc00000, 0x00000007c0000000)
  eden space 32768K, 100% used [0x00000007aab00000,0x00000007acb00000,0x00000007acb00000)
  from space 2560K, 0% used [0x00000007acb00000,0x00000007acb00000,0x00000007acd80000)
  to   space 8704K, 0% used [0x00000007af380000,0x00000007af380000,0x00000007afc00000)
 ParOldGen       total 38400K, used 9823K [0x0000000780000000, 0x0000000782580000, 0x00000007aab00000)
  object space 38400K, 25% used [0x0000000780000000,0x0000000780997f10,0x0000000782580000)
 Metaspace       used 32164K, capacity 33276K, committed 33408K, reserved 1077248K
  class space    used 4487K, capacity 4709K, committed 4736K, reserved 1048576K
Event: 17.429 GC heap after
Heap after GC invocations=7 (full 1):
 PSYoungGen      total 60416K, used 8690K [0x00000007aab00000, 0x00000007afc00000, 0x00000007c0000000)
  eden space 51712K, 0% used [0x00000007aab00000,0x00000007aab00000,0x00000007add80000)
  from space 8704K, 99% used [0x00000007af380000,0x00000007afbfca90,0x00000007afc00000)
  to   space 10752K, 0% used [0x00000007ae700000,0x00000007ae700000,0x00000007af180000)
 ParOldGen       total 38400K, used 9978K [0x0000000780000000, 0x0000000782580000, 0x00000007aab00000)
  object space 38400K, 25% used [0x0000000780000000,0x00000007809bea40,0x0000000782580000)
 Metaspace       used 32164K, capacity 33276K, committed 33408K, reserved 1077248K
  class space    used 4487K, capacity 4709K, committed 4736K, reserved 1048576K
}
Event: 19.924 GC heap before
{Heap before GC invocations=8 (full 1):
 PSYoungGen      total 60416K, used 19324K [0x00000007aab00000, 0x00000007afc00000, 0x00000007c0000000)
  eden space 51712K, 20% used [0x00000007aab00000,0x00000007ab562820,0x00000007add80000)
  from space 8704K, 99% used [0x00000007af380000,0x00000007afbfca90,0x00000007afc00000)
  to   space 10752K, 0% used [0x00000007ae700000,0x00000007ae700000,0x00000007af180000)
 ParOldGen       total 38400K, used 9978K [0x0000000780000000, 0x0000000782580000, 0x00000007aab00000)
  object space 38400K, 25% used [0x0000000780000000,0x00000007809bea40,0x0000000782580000)
 Metaspace       used 34278K, capacity 35338K, committed 35496K, reserved 1079296K
  class space    used 4785K, capacity 5010K, committed 5032K, reserved 1048576K
Event: 19.948 GC heap after
Heap after GC invocations=8 (full 1):
 PSYoungGen      total 72192K, used 10720K [0x00000007aab00000, 0x00000007b1380000, 0x00000007c0000000)
  eden space 61440K, 0% used [0x00000007aab00000,0x00000007aab00000,0x00000007ae700000)
  from space 10752K, 99% used [0x00000007ae700000,0x00000007af178068,0x00000007af180000)
  to   space 13312K, 0% used [0x00000007b0680000,0x00000007b0680000,0x00000007b1380000)
 ParOldGen       total 38400K, used 11742K [0x0000000780000000, 0x0000000782580000, 0x00000007aab00000)
  object space 38400K, 30% used [0x0000000780000000,0x0000000780b77a50,0x0000000782580000)
 Metaspace       used 34278K, capacity 35338K, committed 35496K, reserved 1079296K
  class space    used 4785K, capacity 5010K, committed 5032K, reserved 1048576K
}
Event: 19.948 GC heap before
{Heap before GC invocations=9 (full 2):
 PSYoungGen      total 72192K, used 10720K [0x00000007aab00000, 0x00000007b1380000, 0x00000007c0000000)
  eden space 61440K, 0% used [0x00000007aab00000,0x00000007aab00000,0x00000007ae700000)
  from space 10752K, 99% used [0x00000007ae700000,0x00000007af178068,0x00000007af180000)
  to   space 13312K, 0% used [0x00000007b0680000,0x00000007b0680000,0x00000007b1380000)
 ParOldGen       total 38400K, used 11742K [0x0000000780000000, 0x0000000782580000, 0x00000007aab00000)
  object space 38400K, 30% used [0x0000000780000000,0x0000000780b77a50,0x0000000782580000)
 Metaspace       used 34278K, capacity 35338K, committed 35496K, reserved 1079296K
  class space    used 4785K, capacity 5010K, committed 5032K, reserved 1048576K
Event: 20.128 GC heap after
Heap after GC invocations=9 (full 2):
 PSYoungGen      total 72192K, used 0K [0x00000007aab00000, 0x00000007b1380000, 0x00000007c0000000)
  eden space 61440K, 0% used [0x00000007aab00000,0x00000007aab00000,0x00000007ae700000)
  from space 10752K, 0% used [0x00000007ae700000,0x00000007ae700000,0x00000007af180000)
  to   space 13312K, 0% used [0x00000007b0680000,0x00000007b0680000,0x00000007b1380000)
 ParOldGen       total 61440K, used 22003K [0x0000000780000000, 0x0000000783c00000, 0x00000007aab00000)
  object space 61440K, 35% used [0x0000000780000000,0x000000078157cf28,0x0000000783c00000)
 Metaspace       used 34278K, capacity 35338K, committed 35496K, reserved 1079296K
  class space    used 4785K, capacity 5010K, committed 5032K, reserved 1048576K
}
Event: 108.805 GC heap before
{Heap before GC invocations=10 (full 2):
 PSYoungGen      total 72192K, used 61440K [0x00000007aab00000, 0x00000007b1380000, 0x00000007c0000000)
  eden space 61440K, 100% used [0x00000007aab00000,0x00000007ae700000,0x00000007ae700000)
  from space 10752K, 0% used [0x00000007ae700000,0x00000007ae700000,0x00000007af180000)
  to   space 13312K, 0% used [0x00000007b0680000,0x00000007b0680000,0x00000007b1380000)
 ParOldGen       total 61440K, used 22003K [0x0000000780000000, 0x0000000783c00000, 0x00000007aab00000)
  object space 61440K, 35% used [0x0000000780000000,0x000000078157cf28,0x0000000783c00000)
 Metaspace       used 36675K, capacity 37964K, committed 38056K, reserved 1081344K
  class space    used 5002K, capacity 5239K, committed 5288K, reserved 1048576K
Event: 108.816 GC heap after
Heap after GC invocations=10 (full 2):
 PSYoungGen      total 93696K, used 3416K [0x00000007aab00000, 0x00000007b1c00000, 0x00000007c0000000)
  eden space 80384K, 0% used [0x00000007aab00000,0x00000007aab00000,0x00000007af980000)
  from space 13312K, 25% used [0x00000007b0680000,0x00000007b09d61b8,0x00000007b1380000)
  to   space 13312K, 0% used [0x00000007af980000,0x00000007af980000,0x00000007b0680000)
 ParOldGen       total 61440K, used 22011K [0x0000000780000000, 0x0000000783c00000, 0x00000007aab00000)
  object space 61440K, 35% used [0x0000000780000000,0x000000078157ef28,0x0000000783c00000)
 Metaspace       used 36675K, capacity 37964K, committed 38056K, reserved 1081344K
  class space    used 5002K, capacity 5239K, committed 5288K, reserved 1048576K
}
Event: 219.813 GC heap before
{Heap before GC invocations=11 (full 2):
 PSYoungGen      total 93696K, used 83800K [0x00000007aab00000, 0x00000007b1c00000, 0x00000007c0000000)
  eden space 80384K, 100% used [0x00000007aab00000,0x00000007af980000,0x00000007af980000)
  from space 13312K, 25% used [0x00000007b0680000,0x00000007b09d61b8,0x00000007b1380000)
  to   space 13312K, 0% used [0x00000007af980000,0x00000007af980000,0x00000007b0680000)
 ParOldGen       total 61440K, used 22011K [0x0000000780000000, 0x0000000783c00000, 0x00000007aab00000)
  object space 61440K, 35% used [0x0000000780000000,0x000000078157ef28,0x0000000783c00000)
 Metaspace       used 37108K, capacity 38452K, committed 38568K, reserved 1083392K
  class space    used 5036K, capacity 5285K, committed 5288K, reserved 1048576K
Event: 219.820 GC heap after
Heap after GC invocations=11 (full 2):
 PSYoungGen      total 93696K, used 5399K [0x00000007aab00000, 0x00000007b2480000, 0x00000007c0000000)
  eden space 80384K, 0% used [0x00000007aab00000,0x00000007aab00000,0x00000007af980000)
  from space 13312K, 40% used [0x00000007af980000,0x00000007afec5c20,0x00000007b0680000)
  to   space 12800K, 0% used [0x00000007b1800000,0x00000007b1800000,0x00000007b2480000)
 ParOldGen       total 61440K, used 22019K [0x0000000780000000, 0x0000000783c00000, 0x00000007aab00000)
  object space 61440K, 35% used [0x0000000780000000,0x0000000781580f28,0x0000000783c00000)
 Metaspace       used 37108K, capacity 38452K, committed 38568K, reserved 1083392K
  class space    used 5036K, capacity 5285K, committed 5288K, reserved 1048576K
}

Deoptimization events (10 events):
Event: 205.386 Thread 0x00007fa5e30d8800 Uncommon trap: reason=unreached action=reinterpret pc=0x000000010d17b604 method=javafx.beans.property.StringPropertyBase.get()Ljava/lang/String; @ 9
Event: 210.413 Thread 0x00007fa5e30d8800 Uncommon trap: reason=class_check action=maybe_recompile pc=0x000000010ce7685c method=javafx.scene.Node.updateLocalToParentTransform()V @ 11
Event: 213.099 Thread 0x00007fa5e30d8800 Uncommon trap: reason=bimorphic action=maybe_recompile pc=0x000000010d57a1bc method=com.sun.javafx.event.EventHandlerManager.dispatchCapturingEvent(Ljavafx/event/Event;)Ljavafx/event/Event; @ 1
Event: 213.099 Thread 0x00007fa5e30d8800 Uncommon trap: reason=bimorphic action=maybe_recompile pc=0x000000010d57a1bc method=com.sun.javafx.event.EventHandlerManager.dispatchCapturingEvent(Ljavafx/event/Event;)Ljavafx/event/Event; @ 1
Event: 213.099 Thread 0x00007fa5e30d8800 Uncommon trap: reason=bimorphic action=maybe_recompile pc=0x000000010d57a1bc method=com.sun.javafx.event.EventHandlerManager.dispatchCapturingEvent(Ljavafx/event/Event;)Ljavafx/event/Event; @ 1
Event: 213.099 Thread 0x00007fa5e30d8800 Uncommon trap: reason=bimorphic action=maybe_recompile pc=0x000000010d57a1bc method=com.sun.javafx.event.EventHandlerManager.dispatchCapturingEvent(Ljavafx/event/Event;)Ljavafx/event/Event; @ 1
Event: 219.851 Thread 0x00007fa5e30d8800 Uncommon trap: reason=class_check action=maybe_recompile pc=0x000000010ce7685c method=javafx.scene.Node.updateLocalToParentTransform()V @ 11
Event: 220.479 Thread 0x00007fa5e36df000 Uncommon trap: reason=bimorphic action=maybe_recompile pc=0x000000010c872c18 method=java.util.HashMap.putVal(ILjava/lang/Object;Ljava/lang/Object;ZZ)Ljava/lang/Object; @ 203
Event: 223.504 Thread 0x00007fa5e7a34000 Uncommon trap: reason=unreached action=reinterpret pc=0x000000010d0a3e30 method=java.security.AccessControlContext.optimize()Ljava/security/AccessControlContext; @ 49
Event: 223.517 Thread 0x00007fa5e36df000 Uncommon trap: reason=bimorphic action=maybe_recompile pc=0x000000010c872c18 method=java.util.HashMap.putVal(ILjava/lang/Object;Ljava/lang/Object;ZZ)Ljava/lang/Object; @ 203

Internal exceptions (10 events):
Event: 61.480 Thread 0x00007fa5e30d8800 Implicit null exception at 0x000000010d137477 to 0x000000010d137a91
Event: 65.530 Thread 0x00007fa5e30d8800 Exception <a 'java/security/PrivilegedActionException'> (0x00000007abd591a0) thrown at [/HUDSON3/workspace/8-2-build-macosx-x86_64/jdk8u20/1074/hotspot/src/share/vm/prims/jvm.cpp, line 1275]
Event: 65.531 Thread 0x00007fa5e30d8800 Exception <a 'java/security/PrivilegedActionException'> (0x00000007abd59e30) thrown at [/HUDSON3/workspace/8-2-build-macosx-x86_64/jdk8u20/1074/hotspot/src/share/vm/prims/jvm.cpp, line 1275]
Event: 213.184 Thread 0x00007fa5e30d8800 Exception <a 'java/lang/IllegalArgumentException': argument type mismatch> (0x00000007af0fd4b8) thrown at [/HUDSON3/workspace/8-2-build-macosx-x86_64/jdk8u20/1074/hotspot/src/share/vm/runtime/reflection.cpp, line 1057]
Event: 213.184 Thread 0x00007fa5e30d8800 Exception <a 'java/lang/IllegalArgumentException'> (0x00000007af0fd4b8) thrown at [/HUDSON3/workspace/8-2-build-macosx-x86_64/jdk8u20/1074/hotspot/src/share/vm/prims/jvm.cpp, line 1279]
Event: 213.829 Thread 0x00007fa5e30d8800 Exception <a 'java/lang/IllegalArgumentException': argument type mismatch> (0x00000007af2bf2b8) thrown at [/HUDSON3/workspace/8-2-build-macosx-x86_64/jdk8u20/1074/hotspot/src/share/vm/runtime/reflection.cpp, line 1057]
Event: 213.829 Thread 0x00007fa5e30d8800 Exception <a 'java/lang/IllegalArgumentException'> (0x00000007af2bf2b8) thrown at [/HUDSON3/workspace/8-2-build-macosx-x86_64/jdk8u20/1074/hotspot/src/share/vm/prims/jvm.cpp, line 1279]
Event: 220.320 Thread 0x00007fa5e30d8800 Exception <a 'java/security/PrivilegedActionException'> (0x00000007ab31be60) thrown at [/HUDSON3/workspace/8-2-build-macosx-x86_64/jdk8u20/1074/hotspot/src/share/vm/prims/jvm.cpp, line 1275]
Event: 220.320 Thread 0x00007fa5e30d8800 Exception <a 'java/security/PrivilegedActionException'> (0x00000007ab31caf0) thrown at [/HUDSON3/workspace/8-2-build-macosx-x86_64/jdk8u20/1074/hotspot/src/share/vm/prims/jvm.cpp, line 1275]
Event: 223.504 Thread 0x00007fa5e7a34000 Implicit null exception at 0x000000010d0a32c0 to 0x000000010d0a3e1d

Events (10 events):
Event: 223.504 Thread 0x00007fa5e39a4800 Thread exited: 0x00007fa5e39a4800
Event: 223.504 Thread 0x00007fa5e2804800 Thread exited: 0x00007fa5e2804800
Event: 223.504 Thread 0x00007fa5e7a34000 Thread added: 0x00007fa5e7a34000
Event: 223.504 Thread 0x00007fa5e7a34000 Uncommon trap: trap_request=0xffffffad fr.pc=0x000000010d0a3e30
Event: 223.504 Thread 0x00007fa5e7a34000 DEOPT PACKING pc=0x000000010d0a3e30 sp=0x000000010c41b730
Event: 223.504 Thread 0x00007fa5e7a34000 DEOPT UNPACKING pc=0x000000010c456f69 sp=0x000000010c41b6f8 mode 2
Event: 223.504 Thread 0x00007fa5e30d8800 Thread exited: 0x00007fa5e30d8800
Event: 223.517 Thread 0x00007fa5e36df000 Uncommon trap: trap_request=0xffffffc6 fr.pc=0x000000010c872c18
Event: 223.517 Thread 0x00007fa5e36df000 DEOPT PACKING pc=0x000000010c872c18 sp=0x000000012cebc600
Event: 223.517 Thread 0x00007fa5e36df000 DEOPT UNPACKING pc=0x000000010c456f69 sp=0x000000012cebc598 mode 2


Dynamic libraries:
0x00000000069b3000 	/System/Library/Frameworks/Cocoa.framework/Versions/A/Cocoa
0x00000000069b3000 	/System/Library/Frameworks/Security.framework/Versions/A/Security
0x00000000069b3000 	/System/Library/Frameworks/ApplicationServices.framework/Versions/A/ApplicationServices
0x00000000069b3000 	/usr/lib/libz.1.dylib
0x00000000069b3000 	/usr/lib/libSystem.B.dylib
0x00000000069b3000 	/usr/lib/libobjc.A.dylib
0x00000000069b3000 	/System/Library/Frameworks/CoreFoundation.framework/Versions/A/CoreFoundation
0x00000000069b3000 	/System/Library/Frameworks/Foundation.framework/Versions/C/Foundation
0x00000000069b3000 	/System/Library/Frameworks/AppKit.framework/Versions/C/AppKit
0x00000000069b3000 	/System/Library/Frameworks/CoreData.framework/Versions/A/CoreData
0x00000000069b3000 	/System/Library/PrivateFrameworks/RemoteViewServices.framework/Versions/A/RemoteViewServices
0x00000000069b3000 	/System/Library/PrivateFrameworks/UIFoundation.framework/Versions/A/UIFoundation
0x00000000069b3000 	/System/Library/Frameworks/IOSurface.framework/Versions/A/IOSurface
0x00000000069b3000 	/System/Library/Frameworks/AudioToolbox.framework/Versions/A/AudioToolbox
0x00000000069b3000 	/System/Library/Frameworks/AudioUnit.framework/Versions/A/AudioUnit
0x00000000069b3000 	/System/Library/PrivateFrameworks/DataDetectorsCore.framework/Versions/A/DataDetectorsCore
0x00000000069b3000 	/System/Library/PrivateFrameworks/DesktopServicesPriv.framework/Versions/A/DesktopServicesPriv
0x00000000069b3000 	/System/Library/Frameworks/Carbon.framework/Versions/A/Frameworks/HIToolbox.framework/Versions/A/HIToolbox
0x00000000069b3000 	/System/Library/Frameworks/QuartzCore.framework/Versions/A/QuartzCore
0x00000000069b3000 	/System/Library/Frameworks/Carbon.framework/Versions/A/Frameworks/SpeechRecognition.framework/Versions/A/SpeechRecognition
0x00000000069b3000 	/usr/lib/libauto.dylib
0x00000000069b3000 	/usr/lib/libicucore.A.dylib
0x00000000069b3000 	/usr/lib/libxml2.2.dylib
0x00000000069b3000 	/System/Library/PrivateFrameworks/CoreUI.framework/Versions/A/CoreUI
0x00000000069b3000 	/System/Library/Frameworks/CoreAudio.framework/Versions/A/CoreAudio
0x00000000069b3000 	/System/Library/Frameworks/DiskArbitration.framework/Versions/A/DiskArbitration
0x00000000069b3000 	/usr/lib/liblangid.dylib
0x00000000069b3000 	/System/Library/PrivateFrameworks/MultitouchSupport.framework/Versions/A/MultitouchSupport
0x00000000069b3000 	/System/Library/Frameworks/IOKit.framework/Versions/A/IOKit
0x00000000069b3000 	/usr/lib/libDiagnosticMessagesClient.dylib
0x00000000069b3000 	/System/Library/Frameworks/CoreServices.framework/Versions/A/CoreServices
0x00000000069b3000 	/System/Library/PrivateFrameworks/PerformanceAnalysis.framework/Versions/A/PerformanceAnalysis
0x00000000069b3000 	/System/Library/PrivateFrameworks/GenerationalStorage.framework/Versions/A/GenerationalStorage
0x00000000069b3000 	/System/Library/Frameworks/OpenGL.framework/Versions/A/OpenGL
0x00000000069b3000 	/System/Library/PrivateFrameworks/Sharing.framework/Versions/A/Sharing
0x00000000069b3000 	/System/Library/Frameworks/CoreGraphics.framework/Versions/A/CoreGraphics
0x00000000069b3000 	/System/Library/Frameworks/CoreText.framework/Versions/A/CoreText
0x00000000069b3000 	/System/Library/Frameworks/ImageIO.framework/Versions/A/ImageIO
0x00000000069b3000 	/usr/lib/libextension.dylib
0x00000000069b3000 	/System/Library/PrivateFrameworks/Backup.framework/Versions/A/Backup
0x00000000069b3000 	/usr/lib/libarchive.2.dylib
0x00000000069b3000 	/System/Library/Frameworks/CFNetwork.framework/Versions/A/CFNetwork
0x00000000069b3000 	/System/Library/Frameworks/SystemConfiguration.framework/Versions/A/SystemConfiguration
0x00000000069b3000 	/usr/lib/libCRFSuite.dylib
0x00000000069b3000 	/usr/lib/libc++.1.dylib
0x00000000069b3000 	/usr/lib/libc++abi.dylib
0x00000000069b3000 	/usr/lib/system/libcache.dylib
0x00000000069b3000 	/usr/lib/system/libcommonCrypto.dylib
0x00000000069b3000 	/usr/lib/system/libcompiler_rt.dylib
0x00000000069b3000 	/usr/lib/system/libcopyfile.dylib
0x00000000069b3000 	/usr/lib/system/libcorecrypto.dylib
0x00000000069b3000 	/usr/lib/system/libdispatch.dylib
0x00000000069b3000 	/usr/lib/system/libdyld.dylib
0x00000000069b3000 	/usr/lib/system/libkeymgr.dylib
0x00000000069b3000 	/usr/lib/system/liblaunch.dylib
0x00000000069b3000 	/usr/lib/system/libmacho.dylib
0x00000000069b3000 	/usr/lib/system/libquarantine.dylib
0x00000000069b3000 	/usr/lib/system/libremovefile.dylib
0x00000000069b3000 	/usr/lib/system/libsystem_asl.dylib
0x00000000069b3000 	/usr/lib/system/libsystem_blocks.dylib
0x00000000069b3000 	/usr/lib/system/libsystem_c.dylib
0x00000000069b3000 	/usr/lib/system/libsystem_configuration.dylib
0x00000000069b3000 	/usr/lib/system/libsystem_coreservices.dylib
0x00000000069b3000 	/usr/lib/system/libsystem_coretls.dylib
0x00000000069b3000 	/usr/lib/system/libsystem_dnssd.dylib
0x00000000069b3000 	/usr/lib/system/libsystem_info.dylib
0x00000000069b3000 	/usr/lib/system/libsystem_kernel.dylib
0x00000000069b3000 	/usr/lib/system/libsystem_m.dylib
0x00000000069b3000 	/usr/lib/system/libsystem_malloc.dylib
0x00000000069b3000 	/usr/lib/system/libsystem_network.dylib
0x00000000069b3000 	/usr/lib/system/libsystem_networkextension.dylib
0x00000000069b3000 	/usr/lib/system/libsystem_notify.dylib
0x00000000069b3000 	/usr/lib/system/libsystem_platform.dylib
0x00000000069b3000 	/usr/lib/system/libsystem_pthread.dylib
0x00000000069b3000 	/usr/lib/system/libsystem_sandbox.dylib
0x00000000069b3000 	/usr/lib/system/libsystem_secinit.dylib
0x00000000069b3000 	/usr/lib/system/libsystem_stats.dylib
0x00000000069b3000 	/usr/lib/system/libsystem_trace.dylib
0x00000000069b3000 	/usr/lib/system/libunc.dylib
0x00000000069b3000 	/usr/lib/system/libunwind.dylib
0x00000000069b3000 	/usr/lib/system/libxpc.dylib
0x00000000069b3000 	/usr/lib/libbz2.1.0.dylib
0x00000000069b3000 	/usr/lib/liblzma.5.dylib
0x00000000069b3000 	/usr/lib/libbsm.0.dylib
0x00000000069b3000 	/usr/lib/libsqlite3.dylib
0x00000000069b3000 	/usr/lib/system/libkxld.dylib
0x00000000069b3000 	/usr/lib/libxar.1.dylib
0x00000000069b3000 	/usr/lib/libpam.2.dylib
0x00000000069b3000 	/usr/lib/libOpenScriptingUtil.dylib
0x00000000069b3000 	/System/Library/Frameworks/CoreServices.framework/Versions/A/Frameworks/FSEvents.framework/Versions/A/FSEvents
0x00000000069b3000 	/System/Library/Frameworks/CoreServices.framework/Versions/A/Frameworks/CarbonCore.framework/Versions/A/CarbonCore
0x00000000069b3000 	/System/Library/Frameworks/CoreServices.framework/Versions/A/Frameworks/Metadata.framework/Versions/A/Metadata
0x00000000069b3000 	/System/Library/Frameworks/CoreServices.framework/Versions/A/Frameworks/OSServices.framework/Versions/A/OSServices
0x00000000069b3000 	/System/Library/Frameworks/CoreServices.framework/Versions/A/Frameworks/SearchKit.framework/Versions/A/SearchKit
0x00000000069b3000 	/System/Library/Frameworks/CoreServices.framework/Versions/A/Frameworks/AE.framework/Versions/A/AE
0x00000000069b3000 	/System/Library/Frameworks/CoreServices.framework/Versions/A/Frameworks/LaunchServices.framework/Versions/A/LaunchServices
0x00000000069b3000 	/System/Library/Frameworks/CoreServices.framework/Versions/A/Frameworks/DictionaryServices.framework/Versions/A/DictionaryServices
0x00000000069b3000 	/System/Library/Frameworks/NetFS.framework/Versions/A/NetFS
0x00000000069b3000 	/System/Library/PrivateFrameworks/NetAuth.framework/Versions/A/NetAuth
0x00000000069b3000 	/System/Library/PrivateFrameworks/login.framework/Versions/A/Frameworks/loginsupport.framework/Versions/A/loginsupport
0x00000000069b3000 	/System/Library/PrivateFrameworks/TCC.framework/Versions/A/TCC
0x00000000069b3000 	/usr/lib/libmecabra.dylib
0x00000000069b3000 	/System/Library/PrivateFrameworks/LanguageModeling.framework/Versions/A/LanguageModeling
0x00000000069b3000 	/usr/lib/libcmph.dylib
0x00000000069b3000 	/usr/lib/libiconv.2.dylib
0x00000000069b3000 	/System/Library/Frameworks/OpenDirectory.framework/Versions/A/Frameworks/CFOpenDirectory.framework/Versions/A/CFOpenDirectory
0x00000000069b3000 	/System/Library/Frameworks/ServiceManagement.framework/Versions/A/ServiceManagement
0x00000000069b3000 	/usr/lib/libxslt.1.dylib
0x00000000069b3000 	/System/Library/Frameworks/Carbon.framework/Versions/A/Frameworks/Ink.framework/Versions/A/Ink
0x00000000069b3000 	/System/Library/Frameworks/ApplicationServices.framework/Versions/A/Frameworks/ATS.framework/Versions/A/ATS
0x00000000069b3000 	/System/Library/Frameworks/ApplicationServices.framework/Versions/A/Frameworks/ColorSync.framework/Versions/A/ColorSync
0x00000000069b3000 	/System/Library/Frameworks/ApplicationServices.framework/Versions/A/Frameworks/HIServices.framework/Versions/A/HIServices
0x00000000069b3000 	/System/Library/Frameworks/ApplicationServices.framework/Versions/A/Frameworks/LangAnalysis.framework/Versions/A/LangAnalysis
0x00000000069b3000 	/System/Library/Frameworks/ApplicationServices.framework/Versions/A/Frameworks/PrintCore.framework/Versions/A/PrintCore
0x00000000069b3000 	/System/Library/Frameworks/ApplicationServices.framework/Versions/A/Frameworks/QD.framework/Versions/A/QD
0x00000000069b3000 	/System/Library/Frameworks/ApplicationServices.framework/Versions/A/Frameworks/SpeechSynthesis.framework/Versions/A/SpeechSynthesis
0x00000000069b3000 	/System/Library/Frameworks/Accelerate.framework/Versions/A/Accelerate
0x00000000069b3000 	/System/Library/Frameworks/Accelerate.framework/Versions/A/Frameworks/vImage.framework/Versions/A/vImage
0x00000000069b3000 	/System/Library/Frameworks/Accelerate.framework/Versions/A/Frameworks/vecLib.framework/Versions/A/vecLib
0x00000000069b3000 	/System/Library/Frameworks/Accelerate.framework/Versions/A/Frameworks/vecLib.framework/Versions/A/libvDSP.dylib
0x00000000069b3000 	/System/Library/Frameworks/Accelerate.framework/Versions/A/Frameworks/vecLib.framework/Versions/A/libvMisc.dylib
0x00000000069b3000 	/System/Library/Frameworks/Accelerate.framework/Versions/A/Frameworks/vecLib.framework/Versions/A/libLAPACK.dylib
0x00000000069b3000 	/System/Library/Frameworks/Accelerate.framework/Versions/A/Frameworks/vecLib.framework/Versions/A/libBLAS.dylib
0x00000000069b3000 	/System/Library/Frameworks/Accelerate.framework/Versions/A/Frameworks/vecLib.framework/Versions/A/libLinearAlgebra.dylib
0x00000000069b3000 	/System/Library/Frameworks/ApplicationServices.framework/Versions/A/Frameworks/ATS.framework/Versions/A/Resources/libFontParser.dylib
0x00000000069b3000 	/System/Library/Frameworks/ApplicationServices.framework/Versions/A/Frameworks/ATS.framework/Versions/A/Resources/libFontRegistry.dylib
0x00000000069b3000 	/System/Library/PrivateFrameworks/AppleVPA.framework/Versions/A/AppleVPA
0x00000000069b3000 	/System/Library/PrivateFrameworks/AppleJPEG.framework/Versions/A/AppleJPEG
0x00000000069b3000 	/System/Library/Frameworks/ImageIO.framework/Versions/A/Resources/libJPEG.dylib
0x00000000069b3000 	/System/Library/Frameworks/ImageIO.framework/Versions/A/Resources/libTIFF.dylib
0x00000000069b3000 	/System/Library/Frameworks/ImageIO.framework/Versions/A/Resources/libPng.dylib
0x00000000069b3000 	/System/Library/Frameworks/ImageIO.framework/Versions/A/Resources/libGIF.dylib
0x00000000069b3000 	/System/Library/Frameworks/ImageIO.framework/Versions/A/Resources/libJP2.dylib
0x00000000069b3000 	/System/Library/Frameworks/ImageIO.framework/Versions/A/Resources/libRadiance.dylib
0x00000000069b3000 	/System/Library/Frameworks/CoreVideo.framework/Versions/A/CoreVideo
0x00000000069b3000 	/System/Library/Frameworks/OpenGL.framework/Versions/A/Libraries/libGLU.dylib
0x00000000069b3000 	/System/Library/Frameworks/OpenGL.framework/Versions/A/Libraries/libGFXShared.dylib
0x00000000069b3000 	/System/Library/Frameworks/OpenGL.framework/Versions/A/Libraries/libGL.dylib
0x00000000069b3000 	/System/Library/Frameworks/OpenGL.framework/Versions/A/Libraries/libGLImage.dylib
0x00000000069b3000 	/System/Library/Frameworks/OpenGL.framework/Versions/A/Libraries/libCVMSPluginSupport.dylib
0x00000000069b3000 	/System/Library/Frameworks/OpenGL.framework/Versions/A/Libraries/libCoreVMClient.dylib
0x00000000069b3000 	/usr/lib/libcups.2.dylib
0x00000000069b3000 	/System/Library/Frameworks/Kerberos.framework/Versions/A/Kerberos
0x00000000069b3000 	/System/Library/Frameworks/GSS.framework/Versions/A/GSS
0x00000000069b3000 	/usr/lib/libresolv.9.dylib
0x00000000069b3000 	/System/Library/PrivateFrameworks/Heimdal.framework/Versions/A/Heimdal
0x00000000069b3000 	/usr/lib/libheimdal-asn1.dylib
0x00000000069b3000 	/System/Library/Frameworks/OpenDirectory.framework/Versions/A/OpenDirectory
0x00000000069b3000 	/System/Library/PrivateFrameworks/CommonAuth.framework/Versions/A/CommonAuth
0x00000000069b3000 	/System/Library/Frameworks/SecurityFoundation.framework/Versions/A/SecurityFoundation
0x00000000069b3000 	/System/Library/Frameworks/QuartzCore.framework/Versions/A/Frameworks/CoreImage.framework/Versions/A/CoreImage
0x00000000069b3000 	/System/Library/PrivateFrameworks/CrashReporterSupport.framework/Versions/A/CrashReporterSupport
0x00000000069b3000 	/System/Library/Frameworks/OpenCL.framework/Versions/A/OpenCL
0x00000000069b3000 	/System/Library/PrivateFrameworks/FaceCore.framework/Versions/A/FaceCore
0x00000000069b3000 	/System/Library/PrivateFrameworks/Ubiquity.framework/Versions/A/Ubiquity
0x00000000069b3000 	/System/Library/PrivateFrameworks/IconServices.framework/Versions/A/IconServices
0x00000000069b3000 	/System/Library/PrivateFrameworks/ChunkingLibrary.framework/Versions/A/ChunkingLibrary
0x00000000069b3000 	/System/Library/PrivateFrameworks/Apple80211.framework/Versions/A/Apple80211
0x00000000069b3000 	/System/Library/Frameworks/CoreWLAN.framework/Versions/A/CoreWLAN
0x00000000069b3000 	/System/Library/Frameworks/IOBluetooth.framework/Versions/A/IOBluetooth
0x00000000069b3000 	/System/Library/PrivateFrameworks/CoreWiFi.framework/Versions/A/CoreWiFi
0x00000000069b3000 	/System/Library/Frameworks/CoreBluetooth.framework/Versions/A/CoreBluetooth
0x00000000069b3000 	/System/Library/PrivateFrameworks/DebugSymbols.framework/Versions/A/DebugSymbols
0x00000000069b3000 	/System/Library/PrivateFrameworks/CoreSymbolication.framework/Versions/A/CoreSymbolication
0x00000000069b3000 	/System/Library/PrivateFrameworks/Symbolication.framework/Versions/A/Symbolication
0x00000000069b3000 	/System/Library/PrivateFrameworks/SpeechRecognitionCore.framework/Versions/A/SpeechRecognitionCore
0x000000010b400000 	/Library/Java/JavaVirtualMachines/jdk1.8.0_20.jdk/Contents/Home/jre/lib/server/libjvm.dylib
0x00000000069b3000 	/usr/lib/libstdc++.6.dylib
0x000000010abca000 	/Library/Java/JavaVirtualMachines/jdk1.8.0_20.jdk/Contents/Home/jre/lib/libverify.dylib
0x000000010c41e000 	/Library/Java/JavaVirtualMachines/jdk1.8.0_20.jdk/Contents/Home/jre/lib/libjava.dylib
0x000000010abe2000 	/Library/Java/JavaVirtualMachines/jdk1.8.0_20.jdk/Contents/Home/jre/lib/libzip.dylib
0x000000011ff21000 	/System/Library/Frameworks/JavaVM.framework/Frameworks/JavaRuntimeSupport.framework/JavaRuntimeSupport
0x000000011ff37000 	/System/Library/Frameworks/JavaVM.framework/Versions/A/Frameworks/JavaNativeFoundation.framework/Versions/A/JavaNativeFoundation
0x000000011ff4b000 	/System/Library/Frameworks/JavaVM.framework/Versions/A/JavaVM
0x00000000069b3000 	/System/Library/Frameworks/Carbon.framework/Versions/A/Carbon
0x000000011ff57000 	/System/Library/PrivateFrameworks/JavaLaunching.framework/Versions/A/JavaLaunching
0x00000000069b3000 	/System/Library/Frameworks/Carbon.framework/Versions/A/Frameworks/CommonPanels.framework/Versions/A/CommonPanels
0x00000000069b3000 	/System/Library/Frameworks/Carbon.framework/Versions/A/Frameworks/Help.framework/Versions/A/Help
0x00000000069b3000 	/System/Library/Frameworks/Carbon.framework/Versions/A/Frameworks/ImageCapture.framework/Versions/A/ImageCapture
0x00000000069b3000 	/System/Library/Frameworks/Carbon.framework/Versions/A/Frameworks/OpenScripting.framework/Versions/A/OpenScripting
0x00000000069b3000 	/System/Library/Frameworks/Carbon.framework/Versions/A/Frameworks/Print.framework/Versions/A/Print
0x00000000069b3000 	/System/Library/Frameworks/Carbon.framework/Versions/A/Frameworks/SecurityHI.framework/Versions/A/SecurityHI
0x0000000121ea0000 	/Library/Java/JavaVirtualMachines/jdk1.8.0_20.jdk/Contents/Home/jre/lib/libprism_es2.dylib
0x00000000069b3000 	/System/Library/Frameworks/OpenGL.framework/Versions/A/Resources/GLEngine.bundle/GLEngine
0x00000000069b3000 	/System/Library/Frameworks/OpenGL.framework/Versions/A/Libraries/libGLProgrammability.dylib
0x0000000000000000 	/System/Library/Extensions/AppleIntelHD3000GraphicsGLDriver.bundle/Contents/MacOS/AppleIntelHD3000GraphicsGLDriver
0x0000000121f1d000 	/System/Library/PrivateFrameworks/GPUSupport.framework/Versions/A/Libraries/libGPUSupport.dylib
0x00000000069b3000 	/System/Library/Frameworks/OpenGL.framework/Versions/A/Resources/GLRendererFloat.bundle/GLRendererFloat
0x00000000069b3000 	/System/Library/Frameworks/OpenCL.framework/Versions/A/Libraries/libcldcpuengine.dylib
0x00000000069b3000 	/System/Library/PrivateFrameworks/DiskImages.framework/Versions/A/DiskImages
0x00000000069b3000 	/System/Library/Frameworks/DiscRecording.framework/Versions/A/DiscRecording
0x00000000069b3000 	/usr/lib/libcsfde.dylib
0x00000000069b3000 	/usr/lib/libcurl.4.dylib
0x00000000069b3000 	/System/Library/PrivateFrameworks/MediaKit.framework/Versions/A/MediaKit
0x00000000069b3000 	/System/Library/PrivateFrameworks/ProtectedCloudStorage.framework/Versions/A/ProtectedCloudStorage
0x00000000069b3000 	/usr/lib/libCoreStorage.dylib
0x00000000069b3000 	/System/Library/PrivateFrameworks/EFILogin.framework/Versions/A/EFILogin
0x00000000069b3000 	/usr/lib/libutil.dylib
0x00000000069b3000 	/System/Library/PrivateFrameworks/FindMyDevice.framework/Versions/A/FindMyDevice
0x00000000069b3000 	/System/Library/Frameworks/LDAP.framework/Versions/A/LDAP
0x00000000069b3000 	/usr/lib/libsasl2.2.dylib
0x00000000069b3000 	/System/Library/PrivateFrameworks/CoreDaemon.framework/Versions/B/CoreDaemon
0x00000000069b3000 	/usr/lib/libcrypto.0.9.8.dylib
0x00000000069b3000 	/System/Library/PrivateFrameworks/AppleSRP.framework/Versions/A/AppleSRP
0x00000000069b3000 	/System/Library/PrivateFrameworks/TrustEvaluationAgent.framework/Versions/A/TrustEvaluationAgent
0x0000000122195000 	/Library/Java/JavaVirtualMachines/jdk1.8.0_20.jdk/Contents/Home/jre/lib/libglass.dylib
0x00000000069b3000 	/System/Library/PrivateFrameworks/CoreServicesInternal.framework/Versions/A/CoreServicesInternal
0x00000000069b3000 	/System/Library/PrivateFrameworks/CloudDocs.framework/Versions/A/CloudDocs
0x00000000069b3000 	/System/Library/PrivateFrameworks/CoreDuet.framework/Versions/A/CoreDuet
0x00000000069b3000 	/System/Library/Frameworks/CloudKit.framework/Versions/A/CloudKit
0x00000000069b3000 	/System/Library/PrivateFrameworks/ProtocolBuffer.framework/Versions/A/ProtocolBuffer
0x00000000069b3000 	/System/Library/PrivateFrameworks/CoreDuetDaemonProtocol.framework/Versions/A/CoreDuetDaemonProtocol
0x00000000069b3000 	/System/Library/PrivateFrameworks/CoreDuetDebugLogging.framework/Versions/A/CoreDuetDebugLogging
0x00000000069b3000 	/System/Library/Frameworks/CoreLocation.framework/Versions/A/CoreLocation
0x00000000069b3000 	/System/Library/Frameworks/Accounts.framework/Versions/A/Accounts
0x00000000069b3000 	/System/Library/PrivateFrameworks/ApplePushService.framework/Versions/A/ApplePushService
0x00000000069b3000 	/System/Library/PrivateFrameworks/GeoServices.framework/Versions/A/GeoServices
0x00000000069b3000 	/System/Library/PrivateFrameworks/OAuth.framework/Versions/A/OAuth
0x00000000069b3000 	/System/Library/Frameworks/CoreGraphics.framework/Versions/A/Resources/libCGCMS.A.dylib
0x00000000069b3000 	/System/Library/CoreServices/RawCamera.bundle/Contents/MacOS/RawCamera
0x00000000069b3000 	/System/Library/Frameworks/CoreGraphics.framework/Versions/A/Resources/libRIP.A.dylib
0x00000000069b3000 	/System/Library/PrivateFrameworks/FamilyControls.framework/Versions/A/FamilyControls
0x00000000069b3000 	/System/Library/PrivateFrameworks/CommerceKit.framework/Versions/A/Frameworks/CommerceCore.framework/Versions/A/CommerceCore
0x00000000069b3000 	/System/Library/PrivateFrameworks/SystemAdministration.framework/Versions/A/SystemAdministration
0x00000000069b3000 	/System/Library/PrivateFrameworks/AppContainer.framework/Versions/A/AppContainer
0x00000000069b3000 	/System/Library/PrivateFrameworks/SecCodeWrapper.framework/Versions/A/SecCodeWrapper
0x00000000069b3000 	/System/Library/Frameworks/DirectoryService.framework/Versions/A/DirectoryService
0x00000000069b3000 	/System/Library/PrivateFrameworks/LoginUIKit.framework/Versions/A/Frameworks/LoginUICore.framework/Versions/A/LoginUICore
0x00000000069b3000 	/usr/lib/libodfde.dylib
0x000000012532f000 	/Library/Java/JavaVirtualMachines/jdk1.8.0_20.jdk/Contents/Home/jre/lib/libjavafx_iio.dylib
0x000000012349b000 	/Library/Java/JavaVirtualMachines/jdk1.8.0_20.jdk/Contents/Home/jre/lib/libjavafx_font.dylib
0x0000000123696000 	/Library/Java/JavaVirtualMachines/jdk1.8.0_20.jdk/Contents/Home/jre/lib/libmanagement.dylib
0x00000001255ac000 	/Library/Java/JavaVirtualMachines/jdk1.8.0_20.jdk/Contents/Home/jre/lib/libnet.dylib
0x00000001255c3000 	/Library/Java/JavaVirtualMachines/jdk1.8.0_20.jdk/Contents/Home/jre/lib/libnio.dylib
0x00000000069b3000 	/System/Library/Frameworks/CoreGraphics.framework/Versions/A/Resources/libCGXType.A.dylib
0x0000000125cdb000 	/Library/Java/JavaVirtualMachines/jdk1.8.0_20.jdk/Contents/Home/jre/lib/libprism_common.dylib
0x0000000125ce8000 	cl_kernels
0x000000012a8a4000 	/System/Library/Frameworks/OpenCL.framework/Versions/A/Libraries/ImageFormats/unorm8_bgra.dylib
0x0000000125cec000 	cl_kernels
0x000000012b5f9000 	/Library/Java/JavaVirtualMachines/jdk1.8.0_20.jdk/Contents/Home/jre/lib/libawt.dylib
0x000000012b6a8000 	/Library/Java/JavaVirtualMachines/jdk1.8.0_20.jdk/Contents/Home/jre/lib/./libmlib_image.dylib
0x000000012b774000 	/Library/Java/JavaVirtualMachines/jdk1.8.0_20.jdk/Contents/Home/jre/lib/libawt_lwawt.dylib
0x00000001235df000 	/Library/Java/JavaVirtualMachines/jdk1.8.0_20.jdk/Contents/Home/jre/lib/./libosxapp.dylib
0x00000000069b3000 	/System/Library/Frameworks/ExceptionHandling.framework/Versions/A/ExceptionHandling
0x00000001235fb000 	/Library/Java/JavaVirtualMachines/jdk1.8.0_20.jdk/Contents/Home/jre/lib/libfontmanager.dylib
0x0000000123661000 	/Library/Java/JavaVirtualMachines/jdk1.8.0_20.jdk/Contents/Home/jre/lib/libosxui.dylib
0x00000000069b3000 	/System/Library/Frameworks/ApplicationServices.framework/Versions/A/Frameworks/ATS.framework/Versions/A/Resources/libTrueTypeScaler.dylib
0x00000000069b3000 	/System/Library/Frameworks/Accelerate.framework/Versions/A/Frameworks/vImage.framework/Versions/A/Libraries/libCGInterfaces.dylib

VM Arguments:
jvm_args: -Dfile.encoding=UTF-8 
java_command: /Users/mew/Desktop/medisys-master/dist/run1321740460/MediSys.jar
java_class_path (initial): /Users/mew/Desktop/medisys-master/dist/run1321740460/MediSys.jar
Launcher Type: SUN_STANDARD

Environment Variables:
PATH=/usr/bin:/bin:/usr/sbin:/sbin
LD_LIBRARY_PATH=/Library/Java/JavaVirtualMachines/jdk1.7.0_65.jdk/Contents/Home/jre/lib/amd64:/Library/Java/JavaVirtualMachines/jdk1.7.0_65.jdk/Contents/Home/jre/lib/i386:
SHELL=/bin/bash
DYLD_LIBRARY_PATH=/Applications/NetBeans/NetBeans 8.0.app/Contents/Resources/NetBeans/webcommon/bin:

Signal Handlers:
SIGSEGV: [libjvm.dylib+0x578fd7], sa_mask[0]=11111111011111110111111111111111, sa_flags=SA_ONSTACK|SA_RESTART|SA_SIGINFO
SIGBUS: [libjvm.dylib+0x578fd7], sa_mask[0]=11111111011111110111111111111111, sa_flags=SA_RESTART|SA_SIGINFO
SIGFPE: [libjvm.dylib+0x45ab0c], sa_mask[0]=11111111011111110111111111111111, sa_flags=SA_RESTART|SA_SIGINFO
SIGPIPE: [libjvm.dylib+0x45ab0c], sa_mask[0]=11111111011111110111111111111111, sa_flags=SA_RESTART|SA_SIGINFO
SIGXFSZ: [libjvm.dylib+0x45ab0c], sa_mask[0]=11111111011111110111111111111111, sa_flags=SA_RESTART|SA_SIGINFO
SIGILL: [libjvm.dylib+0x45ab0c], sa_mask[0]=11111111011111110111111111111111, sa_flags=SA_RESTART|SA_SIGINFO
SIGUSR1: SIG_DFL, sa_mask[0]=00000000000000000000000000000000, sa_flags=none
SIGUSR2: [libjvm.dylib+0x45a62a], sa_mask[0]=00100000000000000000000000000000, sa_flags=SA_RESTART|SA_SIGINFO
SIGHUP: [libjvm.dylib+0x458bfd], sa_mask[0]=11111111011111110111111111111111, sa_flags=SA_RESTART|SA_SIGINFO
SIGINT: SIG_IGN, sa_mask[0]=00000000000000000000000000000000, sa_flags=none
SIGTERM: [libjvm.dylib+0x458bfd], sa_mask[0]=11111111011111110111111111111111, sa_flags=SA_RESTART|SA_SIGINFO
SIGQUIT: [libjvm.dylib+0x458bfd], sa_mask[0]=11111111011111110111111111111111, sa_flags=SA_RESTART|SA_SIGINFO


---------------  S Y S T E M  ---------------

OS:Bsduname:Darwin 14.0.0 Darwin Kernel Version 14.0.0: Fri Sep 19 00:26:44 PDT 2014; root:xnu-2782.1.97~2/RELEASE_X86_64 x86_64
rlimit: STACK 8192k, CORE 0k, NPROC 709, NOFILE 10240, AS infinity
load average:2.32 2.58 2.39

CPU:total 4 (2 cores per cpu, 2 threads per core) family 6 model 42 stepping 7, cmov, cx8, fxsr, mmx, sse, sse2, sse3, ssse3, sse4.1, sse4.2, popcnt, avx, aes, clmul, ht, tsc, tscinvbit

Memory: 4k page, physical 4194304k(346236k free)

/proc/meminfo:


vm_info: Java HotSpot(TM) 64-Bit Server VM (25.20-b23) for bsd-amd64 JRE (1.8.0_20-b26), built on Jul 30 2014 13:37:47 by "java_re" with gcc 4.2.1 (Based on Apple Inc. build 5658) (LLVM build 2336.9.00)

time: Sun Oct 26 13:01:37 2014
elapsed time: 223 seconds (0d 0h 3m 43s)

